<?xml version="1.0" encoding="UTF-8"?>
<!-- Generated by org.testng.reporters.JUnitReportReporter -->
<testsuite hostname="LH026127" failures="0" tests="2" name="ca.gc.pch.test.nomenclature.TestNGBasics.TestNGBasics" time="0.014" errors="0" timestamp="28 Aug 2019 19:15:38 GMT" skipped="0">
  <testcase classname="ca.gc.pch.test.nomenclature.TestNGBasics.TestNGBasics" name="searchTest" time="0.007"/>
  <testcase classname="ca.gc.pch.test.nomenclature.TestNGBasics.TestNGBasics" name="googleTitleTest" time="0.007"/>
</testsuite> <!-- ca.gc.pch.test.nomenclature.TestNGBasics.TestNGBasics -->
