<?xml version="1.0" encoding="UTF-8"?>
<!-- Generated by org.testng.reporters.JUnitReportReporter -->
<testsuite hostname="LH026127" failures="0" tests="3" name="ca.gc.pch.test.nomenclature.testcases.BrowsePageTest" time="33.943" errors="0" timestamp="27 Aug 2019 17:26:39 GMT" skipped="0">
  <testcase classname="ca.gc.pch.test.nomenclature.testcases.BrowsePageTest" name="browsePageTitle" time="7.856"/>
  <testcase classname="ca.gc.pch.test.nomenclature.testcases.BrowsePageTest" name="browsePageDefaultLanguage" time="16.069"/>
  <testcase classname="ca.gc.pch.test.nomenclature.testcases.BrowsePageTest" name="subTreeOrder" time="10.018"/>
</testsuite> <!-- ca.gc.pch.test.nomenclature.testcases.BrowsePageTest -->
