<?xml version="1.0" encoding="UTF-8"?>
<!-- Generated by org.testng.reporters.JUnitReportReporter -->
<testsuite hostname="LH026127" failures="0" tests="2" name="ca.gc.pch.test.nomenclature.TestNGBasics.Testflow" time="0.011" errors="0" timestamp="28 Aug 2019 19:12:01 GMT" skipped="0">
  <testcase classname="ca.gc.pch.test.nomenclature.TestNGBasics.Testflow" name="searchTest" time="0.004"/>
  <testcase classname="ca.gc.pch.test.nomenclature.TestNGBasics.Testflow" name="googleTitleTest" time="0.007"/>
</testsuite> <!-- ca.gc.pch.test.nomenclature.TestNGBasics.Testflow -->
