<?xml version="1.0" encoding="UTF-8"?>
<!-- Generated by org.testng.reporters.JUnitReportReporter -->
<testsuite skipped="0" hostname="LH026127" name="ca.gc.pch.test.nomenclature.testcases.BrowsePageTest" tests="3" failures="0" timestamp="28 Aug 2019 16:59:03 GMT" time="34.004" errors="0">
  <testcase name="browsePageTitle" time="9.475" classname="ca.gc.pch.test.nomenclature.testcases.BrowsePageTest"/>
  <testcase name="browsePageDefaultLanguage" time="11.949" classname="ca.gc.pch.test.nomenclature.testcases.BrowsePageTest"/>
  <testcase name="subTreeOrder" time="12.580" classname="ca.gc.pch.test.nomenclature.testcases.BrowsePageTest"/>
</testsuite> <!-- ca.gc.pch.test.nomenclature.testcases.BrowsePageTest -->
